2026-03-19 03:50:49.621 [main] DEBUG c.e.project.security.JwtAuthFilter - Filter 'jwtAuthFilter' configured for use
2026-03-19 03:51:06.943 [main] INFO  o.s.s.web.DefaultSecurityFilterChain - Will secure any request with [org.springframework.security.web.session.DisableEncodeUrlFilter@30464500, org.springframework.security.web.context.request.async.WebAsyncManagerIntegrationFilter@60219a32, org.springframework.security.web.context.SecurityContextHolderFilter@2f38b35e, org.springframework.security.web.header.HeaderWriterFilter@4f8d7222, org.springframework.web.filter.CorsFilter@63792a7a, org.springframework.web.filter.CorsFilter@6911005b, org.springframework.security.web.authentication.logout.LogoutFilter@24af33a1, com.example.project.security.JwtAuthFilter@75acb326, org.springframework.security.web.savedrequest.RequestCacheAwareFilter@75288f47, org.springframework.security.web.servletapi.SecurityContextHolderAwareRequestFilter@42491839, org.springframework.security.web.authentication.AnonymousAuthenticationFilter@6b7d363c, org.springframework.security.web.session.SessionManagementFilter@48c7773, org.springframework.security.web.access.ExceptionTranslationFilter@32e14e55, org.springframework.security.web.access.intercept.AuthorizationFilter@77eb383a]
2026-03-19 05:06:13.948 [main] DEBUG c.e.project.security.JwtAuthFilter - Filter 'jwtAuthFilter' configured for use
2026-03-19 05:15:46.299 [main] DEBUG c.e.project.security.JwtAuthFilter - Filter 'jwtAuthFilter' configured for use
2026-03-19 05:23:46.043 [main] DEBUG c.e.project.security.JwtAuthFilter - Filter 'jwtAuthFilter' configured for use
2026-03-19 05:39:29.937 [main] DEBUG c.e.project.security.JwtAuthFilter - Filter 'jwtAuthFilter' configured for use
2026-03-19 05:39:35.682 [main] INFO  o.s.s.web.DefaultSecurityFilterChain - Will secure any request with [org.springframework.security.web.session.DisableEncodeUrlFilter@6670d46e, org.springframework.security.web.context.request.async.WebAsyncManagerIntegrationFilter@da87122, org.springframework.security.web.context.SecurityContextHolderFilter@46808854, org.springframework.security.web.header.HeaderWriterFilter@438cb294, org.springframework.web.filter.CorsFilter@729cb7b, org.springframework.web.filter.CorsFilter@9bd7c1, org.springframework.security.web.authentication.logout.LogoutFilter@64992713, com.example.project.security.JwtAuthFilter@6385af63, org.springframework.security.web.savedrequest.RequestCacheAwareFilter@20d5668, org.springframework.security.web.servletapi.SecurityContextHolderAwareRequestFilter@18f9745a, org.springframework.security.web.authentication.AnonymousAuthenticationFilter@6028b018, org.springframework.security.web.session.SessionManagementFilter@14f03098, org.springframework.security.web.access.ExceptionTranslationFilter@2a04a440, org.springframework.security.web.access.intercept.AuthorizationFilter@49bf800f]
2026-03-19 05:40:23.282 [http-nio-8080-exec-1] DEBUG o.s.security.web.FilterChainProxy - Securing GET /swagger-ui/index.html
2026-03-19 05:40:23.333 [http-nio-8080-exec-1] DEBUG o.s.s.w.a.AnonymousAuthenticationFilter - Set SecurityContextHolder to anonymous SecurityContext
2026-03-19 05:40:23.347 [http-nio-8080-exec-1] DEBUG o.s.security.web.FilterChainProxy - Secured GET /swagger-ui/index.html
2026-03-19 05:40:23.490 [http-nio-8080-exec-4] DEBUG o.s.security.web.FilterChainProxy - Securing GET /swagger-ui/swagger-ui-bundle.js
2026-03-19 05:40:23.491 [http-nio-8080-exec-3] DEBUG o.s.security.web.FilterChainProxy - Securing GET /swagger-ui/index.css
2026-03-19 05:40:23.487 [http-nio-8080-exec-2] DEBUG o.s.security.web.FilterChainProxy - Securing GET /swagger-ui/swagger-ui.css
2026-03-19 05:40:23.494 [http-nio-8080-exec-7] DEBUG o.s.security.web.FilterChainProxy - Securing GET /swagger-ui/swagger-initializer.js
2026-03-19 05:40:23.498 [http-nio-8080-exec-5] DEBUG o.s.security.web.FilterChainProxy - Securing GET /swagger-ui/swagger-ui-standalone-preset.js
2026-03-19 05:40:23.506 [http-nio-8080-exec-4] DEBUG o.s.s.w.a.AnonymousAuthenticationFilter - Set SecurityContextHolder to anonymous SecurityContext
2026-03-19 05:40:23.508 [http-nio-8080-exec-3] DEBUG o.s.s.w.a.AnonymousAuthenticationFilter - Set SecurityContextHolder to anonymous SecurityContext
2026-03-19 05:40:23.510 [http-nio-8080-exec-4] DEBUG o.s.security.web.FilterChainProxy - Secured GET /swagger-ui/swagger-ui-bundle.js
2026-03-19 05:40:23.510 [http-nio-8080-exec-2] DEBUG o.s.s.w.a.AnonymousAuthenticationFilter - Set SecurityContextHolder to anonymous SecurityContext
2026-03-19 05:40:23.515 [http-nio-8080-exec-7] DEBUG o.s.s.w.a.AnonymousAuthenticationFilter - Set SecurityContextHolder to anonymous SecurityContext
2026-03-19 05:40:23.515 [http-nio-8080-exec-5] DEBUG o.s.s.w.a.AnonymousAuthenticationFilter - Set SecurityContextHolder to anonymous SecurityContext
2026-03-19 05:40:23.516 [http-nio-8080-exec-3] DEBUG o.s.security.web.FilterChainProxy - Secured GET /swagger-ui/index.css
2026-03-19 05:40:23.519 [http-nio-8080-exec-2] DEBUG o.s.security.web.FilterChainProxy - Secured GET /swagger-ui/swagger-ui.css
2026-03-19 05:40:23.519 [http-nio-8080-exec-7] DEBUG o.s.security.web.FilterChainProxy - Secured GET /swagger-ui/swagger-initializer.js
2026-03-19 05:40:23.523 [http-nio-8080-exec-5] DEBUG o.s.security.web.FilterChainProxy - Secured GET /swagger-ui/swagger-ui-standalone-preset.js
2026-03-19 05:40:23.982 [http-nio-8080-exec-6] DEBUG o.s.security.web.FilterChainProxy - Securing GET /v3/api-docs/swagger-config
2026-03-19 05:40:23.985 [http-nio-8080-exec-6] DEBUG o.s.s.w.a.AnonymousAuthenticationFilter - Set SecurityContextHolder to anonymous SecurityContext
2026-03-19 05:40:23.986 [http-nio-8080-exec-6] DEBUG o.s.security.web.FilterChainProxy - Secured GET /v3/api-docs/swagger-config
2026-03-19 05:40:24.149 [http-nio-8080-exec-8] DEBUG o.s.security.web.FilterChainProxy - Securing GET /v3/api-docs
2026-03-19 05:40:24.154 [http-nio-8080-exec-8] DEBUG o.s.s.w.a.AnonymousAuthenticationFilter - Set SecurityContextHolder to anonymous SecurityContext
2026-03-19 05:40:24.155 [http-nio-8080-exec-8] DEBUG o.s.security.web.FilterChainProxy - Secured GET /v3/api-docs
2026-03-19 06:00:22.714 [main] DEBUG c.e.project.security.JwtAuthFilter - Filter 'jwtAuthFilter' configured for use
2026-03-19 06:00:32.661 [main] INFO  o.s.s.web.DefaultSecurityFilterChain - Will secure any request with [org.springframework.security.web.session.DisableEncodeUrlFilter@70915da3, org.springframework.security.web.context.request.async.WebAsyncManagerIntegrationFilter@66fd7b2, org.springframework.security.web.context.SecurityContextHolderFilter@b51d862, org.springframework.security.web.header.HeaderWriterFilter@210d1b45, org.springframework.web.filter.CorsFilter@658ec00c, org.springframework.web.filter.CorsFilter@3565ee15, org.springframework.security.web.authentication.logout.LogoutFilter@3bbb5b2, com.example.project.security.JwtAuthFilter@7f951dd2, org.springframework.security.web.savedrequest.RequestCacheAwareFilter@39a54d70, org.springframework.security.web.servletapi.SecurityContextHolderAwareRequestFilter@254ed9ba, org.springframework.security.web.authentication.AnonymousAuthenticationFilter@4fe3d15f, org.springframework.security.web.session.SessionManagementFilter@3bfb81be, org.springframework.security.web.access.ExceptionTranslationFilter@99caac2, org.springframework.security.web.access.intercept.AuthorizationFilter@5748ffe3]
2026-03-19 06:00:43.986 [http-nio-8080-exec-1] DEBUG o.s.security.web.FilterChainProxy - Securing GET /swagger-ui/index.html
2026-03-19 06:00:44.024 [http-nio-8080-exec-1] DEBUG o.s.s.w.a.AnonymousAuthenticationFilter - Set SecurityContextHolder to anonymous SecurityContext
2026-03-19 06:00:44.038 [http-nio-8080-exec-1] DEBUG o.s.security.web.FilterChainProxy - Secured GET /swagger-ui/index.html
2026-03-19 06:00:44.199 [http-nio-8080-exec-4] DEBUG o.s.security.web.FilterChainProxy - Securing GET /swagger-ui/swagger-ui-standalone-preset.js
2026-03-19 06:00:44.202 [http-nio-8080-exec-2] DEBUG o.s.security.web.FilterChainProxy - Securing GET /swagger-ui/index.css
2026-03-19 06:00:44.202 [http-nio-8080-exec-3] DEBUG o.s.security.web.FilterChainProxy - Securing GET /swagger-ui/swagger-ui-bundle.js
2026-03-19 06:00:44.203 [http-nio-8080-exec-5] DEBUG o.s.security.web.FilterChainProxy - Securing GET /swagger-ui/swagger-initializer.js
2026-03-19 06:00:44.214 [http-nio-8080-exec-4] DEBUG o.s.s.w.a.AnonymousAuthenticationFilter - Set SecurityContextHolder to anonymous SecurityContext
2026-03-19 06:00:44.215 [http-nio-8080-exec-2] DEBUG o.s.s.w.a.AnonymousAuthenticationFilter - Set SecurityContextHolder to anonymous SecurityContext
2026-03-19 06:00:44.215 [http-nio-8080-exec-3] DEBUG o.s.s.w.a.AnonymousAuthenticationFilter - Set SecurityContextHolder to anonymous SecurityContext
2026-03-19 06:00:44.217 [http-nio-8080-exec-5] DEBUG o.s.s.w.a.AnonymousAuthenticationFilter - Set SecurityContextHolder to anonymous SecurityContext
2026-03-19 06:00:44.221 [http-nio-8080-exec-4] DEBUG o.s.security.web.FilterChainProxy - Secured GET /swagger-ui/swagger-ui-standalone-preset.js
2026-03-19 06:00:44.223 [http-nio-8080-exec-2] DEBUG o.s.security.web.FilterChainProxy - Secured GET /swagger-ui/index.css
2026-03-19 06:00:44.231 [http-nio-8080-exec-1] DEBUG o.s.security.web.FilterChainProxy - Securing GET /swagger-ui/swagger-ui.css
2026-03-19 06:00:44.231 [http-nio-8080-exec-3] DEBUG o.s.security.web.FilterChainProxy - Secured GET /swagger-ui/swagger-ui-bundle.js
2026-03-19 06:00:44.232 [http-nio-8080-exec-5] DEBUG o.s.security.web.FilterChainProxy - Secured GET /swagger-ui/swagger-initializer.js
2026-03-19 06:00:44.235 [http-nio-8080-exec-1] DEBUG o.s.s.w.a.AnonymousAuthenticationFilter - Set SecurityContextHolder to anonymous SecurityContext
2026-03-19 06:00:44.239 [http-nio-8080-exec-1] DEBUG o.s.security.web.FilterChainProxy - Secured GET /swagger-ui/swagger-ui.css
2026-03-19 06:00:44.650 [http-nio-8080-exec-6] DEBUG o.s.security.web.FilterChainProxy - Securing GET /v3/api-docs/swagger-config
2026-03-19 06:00:44.654 [http-nio-8080-exec-6] DEBUG o.s.s.w.a.AnonymousAuthenticationFilter - Set SecurityContextHolder to anonymous SecurityContext
2026-03-19 06:00:44.655 [http-nio-8080-exec-7] DEBUG o.s.security.web.FilterChainProxy - Securing GET /swagger-ui/favicon-32x32.png
2026-03-19 06:00:44.656 [http-nio-8080-exec-6] DEBUG o.s.security.web.FilterChainProxy - Secured GET /v3/api-docs/swagger-config
2026-03-19 06:00:44.665 [http-nio-8080-exec-7] DEBUG o.s.s.w.a.AnonymousAuthenticationFilter - Set SecurityContextHolder to anonymous SecurityContext
2026-03-19 06:00:44.670 [http-nio-8080-exec-7] DEBUG o.s.security.web.FilterChainProxy - Secured GET /swagger-ui/favicon-32x32.png
2026-03-19 06:00:44.851 [http-nio-8080-exec-8] DEBUG o.s.security.web.FilterChainProxy - Securing GET /v3/api-docs
2026-03-19 06:00:44.854 [http-nio-8080-exec-8] DEBUG o.s.s.w.a.AnonymousAuthenticationFilter - Set SecurityContextHolder to anonymous SecurityContext
2026-03-19 06:00:44.856 [http-nio-8080-exec-8] DEBUG o.s.security.web.FilterChainProxy - Secured GET /v3/api-docs
2026-03-19 06:13:25.050 [main] DEBUG c.e.project.security.JwtAuthFilter - Filter 'jwtAuthFilter' configured for use
2026-03-19 06:13:30.075 [main] INFO  o.s.s.web.DefaultSecurityFilterChain - Will secure any request with [org.springframework.security.web.session.DisableEncodeUrlFilter@1b06c3f8, org.springframework.security.web.context.request.async.WebAsyncManagerIntegrationFilter@78a3023f, org.springframework.security.web.context.SecurityContextHolderFilter@3860542a, org.springframework.security.web.header.HeaderWriterFilter@152f96e5, org.springframework.web.filter.CorsFilter@2d752f29, org.springframework.web.filter.CorsFilter@20eee47c, org.springframework.security.web.authentication.logout.LogoutFilter@17b17fa8, com.example.project.security.JwtAuthFilter@3a7f9efc, org.springframework.security.web.savedrequest.RequestCacheAwareFilter@6fb07db6, org.springframework.security.web.servletapi.SecurityContextHolderAwareRequestFilter@7e9bb52f, org.springframework.security.web.authentication.AnonymousAuthenticationFilter@d5aea9a, org.springframework.security.web.session.SessionManagementFilter@28704c3, org.springframework.security.web.access.ExceptionTranslationFilter@c1707d4, org.springframework.security.web.access.intercept.AuthorizationFilter@6dbcb435]
2026-03-19 06:13:41.948 [http-nio-8080-exec-1] DEBUG o.s.security.web.FilterChainProxy - Securing GET /swagger-ui/index.html
2026-03-19 06:13:41.973 [http-nio-8080-exec-1] DEBUG o.s.s.w.a.AnonymousAuthenticationFilter - Set SecurityContextHolder to anonymous SecurityContext
2026-03-19 06:13:41.988 [http-nio-8080-exec-1] DEBUG o.s.security.web.FilterChainProxy - Secured GET /swagger-ui/index.html
2026-03-19 06:13:42.120 [http-nio-8080-exec-3] DEBUG o.s.security.web.FilterChainProxy - Securing GET /swagger-ui/swagger-ui.css
2026-03-19 06:13:42.122 [http-nio-8080-exec-4] DEBUG o.s.security.web.FilterChainProxy - Securing GET /swagger-ui/swagger-ui-bundle.js
2026-03-19 06:13:42.123 [http-nio-8080-exec-2] DEBUG o.s.security.web.FilterChainProxy - Securing GET /swagger-ui/index.css
2026-03-19 06:13:42.123 [http-nio-8080-exec-5] DEBUG o.s.security.web.FilterChainProxy - Securing GET /swagger-ui/swagger-ui-standalone-preset.js
2026-03-19 06:13:42.127 [http-nio-8080-exec-6] DEBUG o.s.security.web.FilterChainProxy - Securing GET /swagger-ui/swagger-initializer.js
2026-03-19 06:13:42.130 [http-nio-8080-exec-3] DEBUG o.s.s.w.a.AnonymousAuthenticationFilter - Set SecurityContextHolder to anonymous SecurityContext
2026-03-19 06:13:42.133 [http-nio-8080-exec-4] DEBUG o.s.s.w.a.AnonymousAuthenticationFilter - Set SecurityContextHolder to anonymous SecurityContext
2026-03-19 06:13:42.134 [http-nio-8080-exec-2] DEBUG o.s.s.w.a.AnonymousAuthenticationFilter - Set SecurityContextHolder to anonymous SecurityContext
2026-03-19 06:13:42.136 [http-nio-8080-exec-5] DEBUG o.s.s.w.a.AnonymousAuthenticationFilter - Set SecurityContextHolder to anonymous SecurityContext
2026-03-19 06:13:42.136 [http-nio-8080-exec-6] DEBUG o.s.s.w.a.AnonymousAuthenticationFilter - Set SecurityContextHolder to anonymous SecurityContext
2026-03-19 06:13:42.140 [http-nio-8080-exec-3] DEBUG o.s.security.web.FilterChainProxy - Secured GET /swagger-ui/swagger-ui.css
2026-03-19 06:13:42.140 [http-nio-8080-exec-4] DEBUG o.s.security.web.FilterChainProxy - Secured GET /swagger-ui/swagger-ui-bundle.js
2026-03-19 06:13:42.142 [http-nio-8080-exec-5] DEBUG o.s.security.web.FilterChainProxy - Secured GET /swagger-ui/swagger-ui-standalone-preset.js
2026-03-19 06:13:42.143 [http-nio-8080-exec-2] DEBUG o.s.security.web.FilterChainProxy - Secured GET /swagger-ui/index.css
2026-03-19 06:13:42.145 [http-nio-8080-exec-6] DEBUG o.s.security.web.FilterChainProxy - Secured GET /swagger-ui/swagger-initializer.js
2026-03-19 06:13:42.572 [http-nio-8080-exec-7] DEBUG o.s.security.web.FilterChainProxy - Securing GET /v3/api-docs/swagger-config
2026-03-19 06:13:42.573 [http-nio-8080-exec-8] DEBUG o.s.security.web.FilterChainProxy - Securing GET /swagger-ui/favicon-32x32.png
2026-03-19 06:13:42.576 [http-nio-8080-exec-7] DEBUG o.s.s.w.a.AnonymousAuthenticationFilter - Set SecurityContextHolder to anonymous SecurityContext
2026-03-19 06:13:42.577 [http-nio-8080-exec-8] DEBUG o.s.s.w.a.AnonymousAuthenticationFilter - Set SecurityContextHolder to anonymous SecurityContext
2026-03-19 06:13:42.583 [http-nio-8080-exec-8] DEBUG o.s.security.web.FilterChainProxy - Secured GET /swagger-ui/favicon-32x32.png
2026-03-19 06:13:42.584 [http-nio-8080-exec-7] DEBUG o.s.security.web.FilterChainProxy - Secured GET /v3/api-docs/swagger-config
2026-03-19 06:13:42.747 [http-nio-8080-exec-9] DEBUG o.s.security.web.FilterChainProxy - Securing GET /v3/api-docs
2026-03-19 06:13:42.748 [http-nio-8080-exec-9] DEBUG o.s.s.w.a.AnonymousAuthenticationFilter - Set SecurityContextHolder to anonymous SecurityContext
2026-03-19 06:13:42.749 [http-nio-8080-exec-9] DEBUG o.s.security.web.FilterChainProxy - Secured GET /v3/api-docs
