[INFO] Scanning for projects...
[INFO] 
[INFO] ------------------------< com.example:project >-------------------------
[INFO] Building project 0.0.1-SNAPSHOT
[INFO]   from pom.xml
[INFO] --------------------------------[ jar ]---------------------------------
[INFO] 
[INFO] --- resources:3.3.1:resources (default-resources) @ project ---
[INFO] Copying 1 resource from src\main\resources to target\classes
[INFO] Copying 1 resource from src\main\resources to target\classes
[INFO] 
[INFO] --- compiler:3.11.0:compile (default-compile) @ project ---
[INFO] Changes detected - recompiling the module! :source
[INFO] Compiling 173 source files with javac [debug release 17] to target\classes
[WARNING] /C:/Users/Mc-kevin/mck/tutoree/crowdfunding/crowdfunding-backend/src/main/java/com/example/project/entity/Reward.java:[47,21] @Builder will ignore the initializing expression entirely. If you want the initializing expression to serve as default, add @Builder.Default. If it is not supposed to be settable during building, make the field final.
[WARNING] /C:/Users/Mc-kevin/mck/tutoree/crowdfunding/crowdfunding-backend/src/main/java/com/example/project/entity/Reward.java:[55,28] @Builder will ignore the initializing expression entirely. If you want the initializing expression to serve as default, add @Builder.Default. If it is not supposed to be settable during building, make the field final.
[WARNING] /C:/Users/Mc-kevin/mck/tutoree/crowdfunding/crowdfunding-backend/src/main/java/com/example/project/entity/LoanDetails.java:[40,21] @Builder will ignore the initializing expression entirely. If you want the initializing expression to serve as default, add @Builder.Default. If it is not supposed to be settable during building, make the field final.
[WARNING] /C:/Users/Mc-kevin/mck/tutoree/crowdfunding/crowdfunding-backend/src/main/java/com/example/project/entity/LoanDetails.java:[44,20] @Builder will ignore the initializing expression entirely. If you want the initializing expression to serve as default, add @Builder.Default. If it is not supposed to be settable during building, make the field final.
[WARNING] /C:/Users/Mc-kevin/mck/tutoree/crowdfunding/crowdfunding-backend/src/main/java/com/example/project/entity/LoanDetails.java:[64,24] @Builder will ignore the initializing expression entirely. If you want the initializing expression to serve as default, add @Builder.Default. If it is not supposed to be settable during building, make the field final.
[WARNING] /C:/Users/Mc-kevin/mck/tutoree/crowdfunding/crowdfunding-backend/src/main/java/com/example/project/entity/LoanDetails.java:[68,21] @Builder will ignore the initializing expression entirely. If you want the initializing expression to serve as default, add @Builder.Default. If it is not supposed to be settable during building, make the field final.
[WARNING] /C:/Users/Mc-kevin/mck/tutoree/crowdfunding/crowdfunding-backend/src/main/java/com/example/project/entity/Contribution.java:[49,20] @Builder will ignore the initializing expression entirely. If you want the initializing expression to serve as default, add @Builder.Default. If it is not supposed to be settable during building, make the field final.
[WARNING] /C:/Users/Mc-kevin/mck/tutoree/crowdfunding/crowdfunding-backend/src/main/java/com/example/project/entity/Contribution.java:[53,27] @Builder will ignore the initializing expression entirely. If you want the initializing expression to serve as default, add @Builder.Default. If it is not supposed to be settable during building, make the field final.
[WARNING] /C:/Users/Mc-kevin/mck/tutoree/crowdfunding/crowdfunding-backend/src/main/java/com/example/project/entity/Contribution.java:[79,21] @Builder will ignore the initializing expression entirely. If you want the initializing expression to serve as default, add @Builder.Default. If it is not supposed to be settable during building, make the field final.
[WARNING] /C:/Users/Mc-kevin/mck/tutoree/crowdfunding/crowdfunding-backend/src/main/java/com/example/project/entity/EquityDetails.java:[60,18] @Builder will ignore the initializing expression entirely. If you want the initializing expression to serve as default, add @Builder.Default. If it is not supposed to be settable during building, make the field final.
[WARNING] /C:/Users/Mc-kevin/mck/tutoree/crowdfunding/crowdfunding-backend/src/main/java/com/example/project/mapper/RecommendationMapper.java:[14,20] Unmapped target property: "id".
[WARNING] /C:/Users/Mc-kevin/mck/tutoree/crowdfunding/crowdfunding-backend/src/main/java/com/example/project/mapper/AnalyseIAMapper.java:[13,15] Unmapped target properties: "id, dateCreation".
[WARNING] /C:/Users/Mc-kevin/mck/tutoree/crowdfunding/crowdfunding-backend/src/main/java/com/example/project/mapper/MessageMapper.java:[15,13] Unmapped target properties: "id, lu, dateEnvoi".
[WARNING] /C:/Users/Mc-kevin/mck/tutoree/crowdfunding/crowdfunding-backend/src/main/java/com/example/project/mapper/ContributionMapper.java:[14,18] Unmapped target properties: "id, sourceAmount, sourceCurrency, status, stripePaymentIntentId, mobileMoneReference, reward, actionsRecues, anonyme, dateContribution, dateMiseAJour".
[WARNING] /C:/Users/Mc-kevin/mck/tutoree/crowdfunding/crowdfunding-backend/src/main/java/com/example/project/mapper/ContributionMapper.java:[18,29] Unmapped target property: "paymentMetadata".
[WARNING] /C:/Users/Mc-kevin/mck/tutoree/crowdfunding/crowdfunding-backend/src/main/java/com/example/project/mapper/ContributionMapper.java:[22,28] Unmapped target property: "currency".
[WARNING] /C:/Users/Mc-kevin/mck/tutoree/crowdfunding/crowdfunding-backend/src/main/java/com/example/project/mapper/ProjetMapper.java:[13,12] Unmapped target properties: "id, montantActuel, dateCreation, localisation, nombreContributeurs, etapes, rewards".
[WARNING] /C:/Users/Mc-kevin/mck/tutoree/crowdfunding/crowdfunding-backend/src/main/java/com/example/project/mapper/WalletMapper.java:[13,12] Unmapped target properties: "id, dateCreation".
[WARNING] /C:/Users/Mc-kevin/mck/tutoree/crowdfunding/crowdfunding-backend/src/main/java/com/example/project/mapper/NotificationMapper.java:[14,18] Unmapped target properties: "id, dateCreation".
[WARNING] /C:/Users/Mc-kevin/mck/tutoree/crowdfunding/crowdfunding-backend/src/main/java/com/example/project/mapper/EtapesMapper.java:[13,12] Unmapped target property: "id".
[WARNING] /C:/Users/Mc-kevin/mck/tutoree/crowdfunding/crowdfunding-backend/src/main/java/com/example/project/mapper/TransactionMapper.java:[14,17] Unmapped target properties: "id, sourceAmount, sourceCurrency, dateCreation".
[WARNING] /C:/Users/Mc-kevin/mck/tutoree/crowdfunding/crowdfunding-backend/src/main/java/com/example/project/mapper/KycDocumentMapper.java:[14,17] Unmapped target properties: "id, rejectionReason, dateSoumission".
[WARNING] /C:/Users/Mc-kevin/mck/tutoree/crowdfunding/crowdfunding-backend/src/main/java/com/example/project/mapper/RewardMapper.java:[13,12] Unmapped target properties: "id, quantiteReservee, dateLivraisonEstimee, statutLivraison, numeroSuivi".
[WARNING] /C:/Users/Mc-kevin/mck/tutoree/crowdfunding/crowdfunding-backend/src/main/java/com/example/project/mapper/UtilisateurMapper.java:[11,17] Unmapped target properties: "id, googleId, avatarUrl, statut, categoriePreferee, ville, dateCreation, kycStatus".
[INFO] ------------------------------------------------------------------------
[INFO] BUILD SUCCESS
[INFO] ------------------------------------------------------------------------
[INFO] Total time:  01:43 min
[INFO] Finished at: 2026-03-25T05:37:50-08:00
[INFO] ------------------------------------------------------------------------
